Arguments: 
  /home/public/.nvm/versions/node/v6.10.3/bin/node /home/public/.nvm/versions/node/v6.10.3/bin/yarn

PATH: 
  /home/public/.nvm/versions/node/v6.10.3/bin:/usr/local/sbin:/usr/local/bin:/usr/sbin:/usr/bin:/sbin:/bin:/usr/games:/usr/local/games:/snap/bin:/usr/lib/jvm/java-8-oracle/bin:/usr/lib/jvm/java-8-oracle/db/bin:/usr/lib/jvm/java-8-oracle/jre/bin

Yarn version: 
  1.5.1

Node version: 
  6.10.3

Platform: 
  linux x64

npm manifest: 
  {
    "name": "boilerplate",
    "sideEffects": false,
    "version": "1.0.0",
    "description": "React Boiler Plate",
    "main": "index.js",
    "scripts": {
      "start": "webpack-dev-server --mode development --open --hot",
      "build": "webpack --mode production --config webpack.prod.js",
      "lint": "eslint ./src/ --ext .jsx --ext .js"
    },
    "keywords": [],
    "author": "HuynhDN",
    "license": "ISC",
    "devDependencies": {
      "babel-core": "^6.26.0",
      "babel-loader": "^7.1.4",
      "babel-preset-env": "^1.6.1",
      "babel-preset-react": "^6.24.1",
      "css-loader": "^0.28.11",
      "eslint": "^4.19.1",
      "eslint-config-airbnb": "^16.1.0",
      "eslint-plugin-import": "^2.11.0",
      "eslint-plugin-jsx-a11y": "^6.0.3",
      "eslint-plugin-react": "^7.7.0",
      "html-webpack-plugin": "^3.2.0",
      "mini-css-extract-plugin": "^0.4.0",
      "node-sass": "^4.8.3",
      "optimize-css-assets-webpack-plugin": "^4.0.0",
      "sass-loader": "^7.0.1",
      "style-loader": "^0.21.0",
      "uglifyjs-webpack-plugin": "^1.2.5",
      "webpack": "^4.9.1",
      "webpack-bundle-analyzer": "^2.11.1",
      "webpack-cli": "^2.0.15",
      "webpack-dev-server": "^3.1.3",
      "webpack-merge": "^4.1.2"
    },
    "dependencies": {
      "babel-eslint": "^8.2.3",
      "react": "^16.3.2",
      "react-dom": "^16.3.2",
      "react-router-dom": "^4.2.2"
    }
  }

yarn manifest: 
  No manifest

Lockfile: 
  No lockfile

Trace: 
  Error: Found incompatible module
      at MessageError.Error (native)
      at new MessageError (/home/public/.nvm/versions/node/v6.10.3/lib/node_modules/yarn/lib/cli.js:186:110)
      at checkOne (/home/public/.nvm/versions/node/v6.10.3/lib/node_modules/yarn/lib/cli.js:62444:11)
      at Object.check (/home/public/.nvm/versions/node/v6.10.3/lib/node_modules/yarn/lib/cli.js:62463:5)
      at /home/public/.nvm/versions/node/v6.10.3/lib/node_modules/yarn/lib/cli.js:22803:73
      at next (native)
      at step (/home/public/.nvm/versions/node/v6.10.3/lib/node_modules/yarn/lib/cli.js:98:30)
      at /home/public/.nvm/versions/node/v6.10.3/lib/node_modules/yarn/lib/cli.js:109:13
